-------------------------------------------------------------------------------
Test set: com.artem.korolchuk.study.microblog.MicroblogApplicationTests
-------------------------------------------------------------------------------
Tests run: 1, Failures: 0, Errors: 1, Skipped: 0, Time elapsed: 6.913 s <<< FAILURE! - in com.artem.korolchuk.study.microblog.MicroblogApplicationTests
contextLoads  Time elapsed: 0.001 s  <<< ERROR!
java.lang.IllegalStateException: Failed to load ApplicationContext for [WebMergedContextConfiguration@15a484a9 testClass = com.artem.korolchuk.study.microblog.MicroblogApplicationTests, locations = [], classes = [com.artem.korolchuk.study.microblog.MicroblogApplication], contextInitializerClasses = [], activeProfiles = [], propertySourceLocations = [], propertySourceProperties = ["org.springframework.boot.test.context.SpringBootTestContextBootstrapper=true"], contextCustomizers = [org.springframework.boot.test.context.filter.ExcludeFilterContextCustomizer@29215f06, org.springframework.boot.test.json.DuplicateJsonObjectContextCustomizerFactory$DuplicateJsonObjectContextCustomizer@13fd2ccd, org.springframework.boot.test.mock.mockito.MockitoContextCustomizer@0, org.springframework.boot.test.web.client.TestRestTemplateContextCustomizer@2e3967ea, org.springframework.boot.test.autoconfigure.actuate.observability.ObservabilityContextCustomizerFactory$DisableObservabilityContextCustomizer@9da1, org.springframework.boot.test.autoconfigure.properties.PropertyMappingContextCustomizer@0, org.springframework.boot.test.autoconfigure.web.servlet.WebDriverContextCustomizerFactory$Customizer@d86a6f, org.springframework.boot.test.context.SpringBootTestAnnotation@84022f1d], resourceBasePath = "src/main/webapp", contextLoader = org.springframework.boot.test.context.SpringBootContextLoader, parent = null]
Caused by: org.springframework.beans.factory.UnsatisfiedDependencyException: Error creating bean with name 'clientController' defined in file [D:\NetBeans\NetBeans projects\microblog\target\classes\com\artem\korolchuk\study\microblog\controller\ClientController.class]: Unsatisfied dependency expressed through constructor parameter 0: Error creating bean with name 'clientServiceImpl' defined in file [D:\NetBeans\NetBeans projects\microblog\target\classes\com\artem\korolchuk\study\microblog\service\ClientServiceImpl.class]: Unsatisfied dependency expressed through constructor parameter 0: Error creating bean with name 'clientRepository' defined in com.artem.korolchuk.study.microblog.repository.ClientRepository defined in @EnableJpaRepositories declared on MicroblogApplication: Not a managed type: class com.artem.korolchuk.study.microblog.entity.Client
Caused by: org.springframework.beans.factory.UnsatisfiedDependencyException: Error creating bean with name 'clientServiceImpl' defined in file [D:\NetBeans\NetBeans projects\microblog\target\classes\com\artem\korolchuk\study\microblog\service\ClientServiceImpl.class]: Unsatisfied dependency expressed through constructor parameter 0: Error creating bean with name 'clientRepository' defined in com.artem.korolchuk.study.microblog.repository.ClientRepository defined in @EnableJpaRepositories declared on MicroblogApplication: Not a managed type: class com.artem.korolchuk.study.microblog.entity.Client
Caused by: org.springframework.beans.factory.BeanCreationException: Error creating bean with name 'clientRepository' defined in com.artem.korolchuk.study.microblog.repository.ClientRepository defined in @EnableJpaRepositories declared on MicroblogApplication: Not a managed type: class com.artem.korolchuk.study.microblog.entity.Client
Caused by: java.lang.IllegalArgumentException: Not a managed type: class com.artem.korolchuk.study.microblog.entity.Client

